<?xml version="1.0" encoding="UTF-8"?>
<testsuites name="Mocha Tests" time="0.487" tests="35" failures="0">
  <testsuite name="Root Suite" timestamp="2021-11-10T09:30:21" tests="0" failures="0" time="0">
  </testsuite>
  <testsuite name="Accessories Controller" timestamp="2021-11-10T09:30:25" tests="7" file="C:\Users\KIIT\Documents\workspace\frescoplay2\test\controllers\AccessoriesController.test.js" failures="0" time="0.15">
    <testcase name="Accessories Controller get /accessories" time="0.044" classname="get /accessories">
    </testcase>
    <testcase name="Accessories Controller fetch /accessories" time="0.042" classname="fetch /accessories">
    </testcase>
    <testcase name="Accessories Controller create /accessories" time="0.036" classname="create /accessories">
    </testcase>
    <testcase name="Accessories Controller update /accessories" time="0.003" classname="update /accessories">
    </testcase>
    <testcase name="Accessories Controller delete /accessories" time="0.003" classname="delete /accessories">
    </testcase>
    <testcase name="Accessories Controller deleteAll /accessories" time="0.003" classname="deleteAll /accessories">
    </testcase>
    <testcase name="Accessories Controller search /accessories" time="0.019" classname="search /accessories">
    </testcase>
  </testsuite>
  <testsuite name="cars Controller" timestamp="2021-11-10T09:30:25" tests="7" file="C:\Users\KIIT\Documents\workspace\frescoplay2\test\controllers\CarsController.test.js" failures="0" time="0.133">
    <testcase name="cars Controller get /cars" time="0.036" classname="get /cars">
    </testcase>
    <testcase name="cars Controller fetch /cars" time="0.037" classname="fetch /cars">
    </testcase>
    <testcase name="cars Controller create /cars" time="0.018" classname="create /cars">
    </testcase>
    <testcase name="cars Controller update /cars" time="0.008" classname="update /cars">
    </testcase>
    <testcase name="cars Controller delete /cars" time="0.005" classname="delete /cars">
    </testcase>
    <testcase name="cars Controller deleteAll /cars" time="0.007" classname="deleteAll /cars">
    </testcase>
    <testcase name="cars Controller search /cars" time="0.022" classname="search /cars">
    </testcase>
  </testsuite>
  <testsuite name="manufacturer Controller" timestamp="2021-11-10T09:30:25" tests="7" file="C:\Users\KIIT\Documents\workspace\frescoplay2\test\controllers\ManufacturerController.test.js" failures="0" time="0.046000000000000006">
    <testcase name="manufacturer Controller get /manufacturer" time="0.025" classname="get /manufacturer">
    </testcase>
    <testcase name="manufacturer Controller fetch /manufacturer" time="0.004" classname="fetch /manufacturer">
    </testcase>
    <testcase name="manufacturer Controller create /manufacturer" time="0.004" classname="create /manufacturer">
    </testcase>
    <testcase name="manufacturer Controller update /manufacturer" time="0.005" classname="update /manufacturer">
    </testcase>
    <testcase name="manufacturer Controller delete /manufacturer" time="0.003" classname="delete /manufacturer">
    </testcase>
    <testcase name="manufacturer Controller deleteAll /manufacturer" time="0.003" classname="deleteAll /manufacturer">
    </testcase>
    <testcase name="manufacturer Controller search /manufacturer" time="0.002" classname="search /manufacturer">
    </testcase>
  </testsuite>
  <testsuite name="Segment Controller" timestamp="2021-11-10T09:30:25" tests="7" file="C:\Users\KIIT\Documents\workspace\frescoplay2\test\controllers\SegmentController.test.js" failures="0" time="0.05500000000000001">
    <testcase name="Segment Controller get /segment" time="0.036" classname="get /segment">
    </testcase>
    <testcase name="Segment Controller fetch /segment" time="0.004" classname="fetch /segment">
    </testcase>
    <testcase name="Segment Controller create /segment" time="0.001" classname="create /segment">
    </testcase>
    <testcase name="Segment Controller update /segment" time="0.003" classname="update /segment">
    </testcase>
    <testcase name="Segment Controller delete /segment" time="0.004" classname="delete /segment">
    </testcase>
    <testcase name="Segment Controller deleteAll /segment" time="0.003" classname="deleteAll /segment">
    </testcase>
    <testcase name="Segment Controller search /segment" time="0.004" classname="search /segment">
    </testcase>
  </testsuite>
  <testsuite name="variant Controller" timestamp="2021-11-10T09:30:25" tests="7" file="C:\Users\KIIT\Documents\workspace\frescoplay2\test\controllers\VarientController.test.js" failures="0" time="0.10300000000000001">
    <testcase name="variant Controller get /variant" time="0.038" classname="get /variant">
    </testcase>
    <testcase name="variant Controller fetch /variant" time="0.038" classname="fetch /variant">
    </testcase>
    <testcase name="variant Controller create /variant" time="0.003" classname="create /variant">
    </testcase>
    <testcase name="variant Controller update /variant" time="0.002" classname="update /variant">
    </testcase>
    <testcase name="variant Controller delete /variant" time="0.001" classname="delete /variant">
    </testcase>
    <testcase name="variant Controller deleteAll /variant" time="0.004" classname="deleteAll /variant">
    </testcase>
    <testcase name="variant Controller search /variant" time="0.017" classname="search /variant">
    </testcase>
  </testsuite>
</testsuites>